flutter_baidu_mapapi_map-2.0.1/example/build/app/intermediates/manifest_merge_blame_file/debug/manifest-merger-blame-debug-report.txt
1<?xml version="1.0" encoding="utf-8"?>
2<manifest xmlns:android="http://schemas.android.com/apk/res/android"
3    package="com.baidu.flutter_bmfmap_example"
4    android:versionCode="1"
5    android:versionName="1.0.0" >
6
7    <uses-sdk
8        android:minSdkVersion="16"
9        android:targetSdkVersion="28" />
10    <!--
11         Flutter needs it to communicate with the running application
12         to allow setting breakpoints, to provide hot reload, etc.
13    -->
14    <uses-permission android:name="android.permission.INTERNET" />
14-->src/main/AndroidManifest.xml:14:5-67
14-->src/main/AndroidManifest.xml:14:22-64
15    <!--
16     io.flutter.app.FlutterApplication is an android.app.Application that
17         calls FlutterMain.startInitialization(this); in its onCreate method.
18         In most cases you can leave this as-is, but you if you want to provide
19         additional functionality it is fine to subclass or reimplement
20         FlutterApplication and put your custom class here.
21    -->
22    <uses-permission android:name="android.permission.WAKE_LOCK" /> <!-- 用于访问wifi网络信息，wifi信息会用于进行网络定位 -->
22-->src/main/AndroidManifest.xml:8:5-84
22-->src/main/AndroidManifest.xml:8:22-65
23    <uses-permission android:name="android.permission.ACCESS_WIFI_STATE" /> <!-- 获取网络状态，根据网络状态切换进行数据请求网络转换 -->
23-->src/main/AndroidManifest.xml:10:5-76
23-->src/main/AndroidManifest.xml:10:22-73
24    <uses-permission android:name="android.permission.ACCESS_NETWORK_STATE" />
24-->src/main/AndroidManifest.xml:12:5-79
24-->src/main/AndroidManifest.xml:12:22-76
25
26    <application
26-->src/main/AndroidManifest.xml:16:5-40:19
27        android:name="com.baidu.flutter_bmfmap_example.MyApplication"
27-->src/main/AndroidManifest.xml:17:9-70
28        android:appComponentFactory="androidx.core.app.CoreComponentFactory"
28-->[androidx.core:core:1.1.0] AndroidManifest.xml:24:18-86
29        android:debuggable="true"
30        android:icon="@mipmap/ic_launcher"
30-->src/main/AndroidManifest.xml:19:9-43
31        android:label="flutter_bmfmap_example" >
31-->src/main/AndroidManifest.xml:18:9-47
32        <meta-data
32-->src/main/AndroidManifest.xml:19:44-21:50
33            android:name="com.baidu.lbsapi.API_KEY"
33-->src/main/AndroidManifest.xml:20:9-48
34            android:value="请配置在百度地图开放平台申请的API KEY" />
34-->src/main/AndroidManifest.xml:21:9-47
35
36        <activity
36-->src/main/AndroidManifest.xml:23:9-34:20
37            android:name="com.baidu.flutter_bmfmap_example.MapActivity"
37-->src/main/AndroidManifest.xml:24:13-72
38            android:configChanges="orientation|keyboardHidden|keyboard|screenSize|locale|layoutDirection|fontScale|screenLayout|density|uiMode"
38-->src/main/AndroidManifest.xml:26:13-144
39            android:hardwareAccelerated="true"
39-->src/main/AndroidManifest.xml:27:13-47
40            android:theme="@style/LaunchTheme"
40-->src/main/AndroidManifest.xml:25:13-47
41            android:windowSoftInputMode="adjustResize" >
41-->src/main/AndroidManifest.xml:28:13-55
42            <intent-filter>
42-->src/main/AndroidManifest.xml:30:13-33:29
43                <action android:name="android.intent.action.MAIN" />
43-->src/main/AndroidManifest.xml:31:17-68
43-->src/main/AndroidManifest.xml:31:25-66
44
45                <category android:name="android.intent.category.LAUNCHER" />
45-->src/main/AndroidManifest.xml:32:17-76
45-->src/main/AndroidManifest.xml:32:27-74
46            </intent-filter>
47        </activity>
48        <!--
49             Don't delete the meta-data below.
50             This is used by the Flutter tool to generate GeneratedPluginRegistrant.java
51        -->
52        <meta-data
52-->src/main/AndroidManifest.xml:37:9-39:33
53            android:name="flutterEmbedding"
53-->src/main/AndroidManifest.xml:38:13-44
54            android:value="2" />
54-->src/main/AndroidManifest.xml:39:13-30
55    </application>
56
57</manifest>